  main.cpp
c:\users\daniel\documents\gitkraker\cpe-476-project-curve\src\gameobjects/Enemy.h(19): warning C4305: 'initializing': truncation from 'double' to 'float'
C:\Users\Daniel\Documents\GitKraker\CPE-476-Project-Curve\src\main.cpp(475): warning C4129: '%': unrecognized character escape sequence
C:\Users\Daniel\Documents\GitKraker\CPE-476-Project-Curve\src\main.cpp(209): warning C4244: '=': conversion from 'double' to 'float', possible loss of data
C:\Users\Daniel\Documents\GitKraker\CPE-476-Project-Curve\src\main.cpp(916): warning C4305: 'argument': truncation from 'double' to 'GLfloat'
C:\Users\Daniel\Documents\GitKraker\CPE-476-Project-Curve\src\main.cpp(917): warning C4305: 'argument': truncation from 'double' to 'GLfloat'
C:\Users\Daniel\Documents\GitKraker\CPE-476-Project-Curve\src\main.cpp(918): warning C4305: 'argument': truncation from 'double' to 'GLfloat'
C:\Users\Daniel\Documents\GitKraker\CPE-476-Project-Curve\src\main.cpp(919): warning C4305: 'argument': truncation from 'double' to 'GLfloat'
C:\Users\Daniel\Documents\GitKraker\CPE-476-Project-Curve\src\main.cpp(922): warning C4305: 'argument': truncation from 'double' to 'GLfloat'
C:\Users\Daniel\Documents\GitKraker\CPE-476-Project-Curve\src\main.cpp(923): warning C4305: 'argument': truncation from 'double' to 'GLfloat'
C:\Users\Daniel\Documents\GitKraker\CPE-476-Project-Curve\src\main.cpp(924): warning C4305: 'argument': truncation from 'double' to 'GLfloat'
C:\Users\Daniel\Documents\GitKraker\CPE-476-Project-Curve\src\main.cpp(929): warning C4305: 'argument': truncation from 'double' to 'GLfloat'
C:\Users\Daniel\Documents\GitKraker\CPE-476-Project-Curve\src\main.cpp(934): warning C4305: 'argument': truncation from 'double' to 'GLfloat'
C:\Users\Daniel\Documents\GitKraker\CPE-476-Project-Curve\src\main.cpp(935): warning C4305: 'argument': truncation from 'double' to 'GLfloat'
C:\Users\Daniel\Documents\GitKraker\CPE-476-Project-Curve\src\main.cpp(936): warning C4305: 'argument': truncation from 'double' to 'GLfloat'
C:\Users\Daniel\Documents\GitKraker\CPE-476-Project-Curve\src\main.cpp(937): warning C4305: 'argument': truncation from 'double' to 'GLfloat'
C:\Users\Daniel\Documents\GitKraker\CPE-476-Project-Curve\src\main.cpp(940): warning C4305: 'argument': truncation from 'double' to 'GLfloat'
C:\Users\Daniel\Documents\GitKraker\CPE-476-Project-Curve\src\main.cpp(941): warning C4305: 'argument': truncation from 'double' to 'GLfloat'
C:\Users\Daniel\Documents\GitKraker\CPE-476-Project-Curve\src\main.cpp(942): warning C4305: 'argument': truncation from 'double' to 'GLfloat'
C:\Users\Daniel\Documents\GitKraker\CPE-476-Project-Curve\src\main.cpp(943): warning C4305: 'argument': truncation from 'double' to 'GLfloat'
C:\Users\Daniel\Documents\GitKraker\CPE-476-Project-Curve\src\main.cpp(1013): warning C4244: '=': conversion from 'double' to 'float', possible loss of data
C:\Users\Daniel\Documents\GitKraker\CPE-476-Project-Curve\src\main.cpp(1023): warning C4244: 'argument': conversion from 'double' to 'float', possible loss of data
C:\Program Files (x86)\Microsoft Visual Studio\2017\Community\VC\Tools\MSVC\14.16.27023\include\memory(1801): warning C4244: 'argument': conversion from '_Ty' to 'float', possible loss of data
          with
          [
              _Ty=int
          ]
  C:\Program Files (x86)\Microsoft Visual Studio\2017\Community\VC\Tools\MSVC\14.16.27023\include\memory(1866): note: see reference to function template instantiation 'std::_Ref_count_obj<_Ty>::_Ref_count_obj<glm::vec3&,glm::qua<float,0>,std::shared_ptr<Shape>&,int>(glm::vec3 &,glm::qua<float,0> &&,std::shared_ptr<Shape> &,int &&)' being compiled
          with
          [
              _Ty=Ball
          ]
  C:\Program Files (x86)\Microsoft Visual Studio\2017\Community\VC\Tools\MSVC\14.16.27023\include\memory(1866): note: see reference to function template instantiation 'std::_Ref_count_obj<_Ty>::_Ref_count_obj<glm::vec3&,glm::qua<float,0>,std::shared_ptr<Shape>&,int>(glm::vec3 &,glm::qua<float,0> &&,std::shared_ptr<Shape> &,int &&)' being compiled
          with
          [
              _Ty=Ball
          ]
  C:\Users\Daniel\Documents\GitKraker\CPE-476-Project-Curve\src\main.cpp(563): note: see reference to function template instantiation 'std::shared_ptr<Ball> std::make_shared<Ball,glm::vec3&,glm::quat,std::shared_ptr<Shape>&,int>(glm::vec3 &,glm::quat &&,std::shared_ptr<Shape> &,int &&)' being compiled
  curve.vcxproj -> C:\Users\Daniel\Documents\GitKraker\CPE-476-Project-Curve\slnStuff\Debug\curve.exe
